\BOOKMARK [0][-]{section*.1}{Carta de aprobaci\363n para presentaci\363n}{}% 1
\BOOKMARK [0][-]{chapter*.2}{Dedicatoria}{}% 2
\BOOKMARK [0][-]{chapter*.3}{Agradecimiento}{}% 3
\BOOKMARK [0][-]{section*.4}{Resumen}{}% 4
\BOOKMARK [0][-]{chapter*.5}{\315ndice}{}% 5
\BOOKMARK [0][-]{chapter*.6}{\315ndice de figuras}{}% 6
\BOOKMARK [0][-]{chapter*.7}{\315ndice de tablas}{}% 7
\BOOKMARK [0][-]{chapter*.8}{Introducci\363n}{}% 8
\BOOKMARK [0][-]{chapter.1}{El problema}{}% 9
\BOOKMARK [1][-]{section*.9}{Planteamiento del problema}{chapter.1}% 10
\BOOKMARK [1][-]{section*.10}{Objetivos de la investigaci\363n}{chapter.1}% 11
\BOOKMARK [1][-]{section*.13}{Justificaci\363n e importancia}{chapter.1}% 12
\BOOKMARK [1][-]{section*.14}{Alcance y limitaciones}{chapter.1}% 13
\BOOKMARK [0][-]{chapter.2}{Marco Te\363rico}{}% 14
\BOOKMARK [1][-]{section*.15}{Antecedentes}{chapter.2}% 15
\BOOKMARK [1][-]{section*.16}{Bases te\363ricas}{chapter.2}% 16
\BOOKMARK [0][-]{chapter.3}{Marco metodol\363gico}{}% 17
\BOOKMARK [1][-]{section*.26}{Tipo de investigaci\363n}{chapter.3}% 18
\BOOKMARK [1][-]{section*.27}{Dise\361o de la investigaci\363n}{chapter.3}% 19
\BOOKMARK [1][-]{section*.28}{Modalidad}{chapter.3}% 20
\BOOKMARK [1][-]{section*.29}{Fases de la investigaci\363n}{chapter.3}% 21
\BOOKMARK [1][-]{section*.34}{Aspectos administrativos}{chapter.3}% 22
\BOOKMARK [0][-]{chapter.4}{Resultados}{}% 23
\BOOKMARK [1][-]{section*.39}{Resultados}{chapter.4}% 24
\BOOKMARK [0][-]{chapter.5}{Conclusiones y recomendaciones}{}% 25
\BOOKMARK [1][-]{section*.40}{Conclusiones}{chapter.5}% 26
\BOOKMARK [1][-]{section*.41}{Recomendaciones}{chapter.5}% 27
\BOOKMARK [0][-]{chapter*.42}{Referencias}{}% 28
\BOOKMARK [0][-]{section*.43}{Anexos}{}% 29
